<?xml version="1.0" encoding="UTF-8"?>
<!-- Generated by org.testng.reporters.JUnitXMLReporter -->
<testsuite ignored="0" hostname="DESKTOP-S4FF1A9" failures="0" tests="3" name="Test" time="61.577" errors="0" timestamp="2024-06-10T17:28:57 IST">
  <testcase classname="testCases.tempCodeCheck" name="temp" time="20.798"/>
  <testcase classname="testCases.TC_002_AccountLogInTest" name="verifyAccountDetails" time="8.198"/>
  <testcase classname="testCases.TC_003_MyAccountValidationTest" name="verifyAccountLogIn" time="7.605"/>
</testsuite> <!-- Test -->
