<?xml version="1.0" encoding="UTF-8"?>
<testsuite xmlns:xsi="http://www.w3.org/2001/XMLSchema-instance" xsi:noNamespaceSchemaLocation="https://maven.apache.org/surefire/maven-surefire-plugin/xsd/surefire-test-report.xsd" version="3.0.1" name="TestSuite" time="57.055" tests="3" errors="0" skipped="0" failures="0">
  <properties>
[...]
</properties>
  <testcase name="verify_account_registration" classname="testCases.TC_001_AccountRegistrationTest" time="6.161">
    <system-out><![CDATA[Report Name =Test-Report-2024.26.17.22.26.32.html
22:26:37.585 [main] INFO  testBase.BaseClass - Chrome Opened successfully
url : https://magento.softwaretestingboard.com
22:26:43.911 [main] INFO  testBase.BaseClass - ********* Starting TC_001_AccountRegistrationTest Starts********
Fname done
22:26:45.697 [main] INFO  testBase.BaseClass - First Name set
Lname done
22:26:45.819 [main] INFO  testBase.BaseClass - Last Name set
Email done
22:26:45.990 [main] INFO  testBase.BaseClass - Email set
Password done
22:26:46.173 [main] INFO  testBase.BaseClass - Password set
Password done
continue done
22:26:49.982 [main] INFO  testBase.BaseClass - Continue btn clicked
22:26:50.035 [main] INFO  testBase.BaseClass - Msg validated success: My Account
22:26:50.041 [main] INFO  testBase.BaseClass - ********* Starting TC_001_AccountRegistrationTest Ends********
]]></system-out>
    <system-err><![CDATA[SLF4J: Failed to load class "org.slf4j.impl.StaticLoggerBinder".
SLF4J: Defaulting to no-operation (NOP) logger implementation
SLF4J: See http://www.slf4j.org/codes.html#StaticLoggerBinder for further details.
Jun 17, 2024 10:26:37 PM org.openqa.selenium.devtools.CdpVersionFinder findNearestMatch
WARNING: Unable to find an exact match for CDP version 126, returning the closest version; found: 125; Please update to a Selenium version that supports CDP version 126
]]></system-err>
  </testcase>
  <testcase name="verifyAccountDetails" classname="testCases.TC_002_AccountLogInTest" time="7.275">
    <system-out><![CDATA[22:26:52.903 [main] INFO  testBase.BaseClass - Chrome Opened successfully
url : https://magento.softwaretestingboard.com
22:27:01.398 [main] INFO  testBase.BaseClass - ********* Starting TC_002_AccountSignInTest Starts********
Email Id is set
22:27:05.762 [main] INFO  testBase.BaseClass - UserName set successfully
Password is set
22:27:05.892 [main] INFO  testBase.BaseClass - Password set successfully
Email Id is set
22:27:08.390 [main] INFO  testBase.BaseClass - SignIn Btn Clicked
22:27:08.447 [main] INFO  testBase.BaseClass - Msg validated success: Support This Project
22:27:08.671 [main] INFO  testBase.BaseClass - ********* Starting TC_002_AccountSignInTest Ends********
]]></system-out>
    <system-err><![CDATA[Jun 17, 2024 10:26:52 PM org.openqa.selenium.devtools.CdpVersionFinder findNearestMatch
WARNING: Unable to find an exact match for CDP version 126, returning the closest version; found: 125; Please update to a Selenium version that supports CDP version 126
]]></system-err>
  </testcase>
  <testcase name="verifyAccountLogIn" classname="testCases.TC_003_MyAccountValidationTest" time="8.757">
    <system-out><![CDATA[22:27:11.254 [main] INFO  testBase.BaseClass - Chrome Opened successfully
url : https://magento.softwaretestingboard.com
22:27:17.411 [main] INFO  testBase.BaseClass - ********* Starting TC_003_AccountLoginTest Starts********
Email Id is set
22:27:19.135 [main] INFO  testBase.BaseClass - UserName set successfully
Password is set
22:27:19.267 [main] INFO  testBase.BaseClass - Password set successfully
Email Id is set
22:27:21.374 [main] INFO  testBase.BaseClass - SignIn Btn Clicked
Option Selected 
22:27:23.265 [main] INFO  testBase.BaseClass - Account Info success: TESTFA TESTLA
TESTING123@TEST.COM
22:27:23.313 [main] INFO  testBase.BaseClass - Account Info success: TESTFA TESTLA
TESTING123@TEST.COM
Option Selected 
22:27:26.159 [main] INFO  testBase.BaseClass - Sign Out Button Clicked
SignOut Clicked
22:27:26.159 [main] INFO  testBase.BaseClass - ********* Starting TC_003_AccountLoginTest Ends********
]]></system-out>
    <system-err><![CDATA[Jun 17, 2024 10:27:11 PM org.openqa.selenium.devtools.CdpVersionFinder findNearestMatch
WARNING: Unable to find an exact match for CDP version 126, returning the closest version; found: 125; Please update to a Selenium version that supports CDP version 126
]]></system-err>
  </testcase>
</testsuite>