<?xml version="1.0" encoding="UTF-8"?>
<!-- Generated by org.testng.reporters.JUnitXMLReporter -->
<testsuite ignored="0" hostname="DESKTOP-S4FF1A9" failures="0" tests="3" name="Test" time="54.25" errors="0" timestamp="2024-06-17T22:27:27 IST">
  <testcase classname="testCases.TC_001_AccountRegistrationTest" name="verify_account_registration" time="6.134"/>
  <testcase classname="testCases.TC_002_AccountLogInTest" name="verifyAccountDetails" time="7.273"/>
  <testcase classname="testCases.TC_003_MyAccountValidationTest" name="verifyAccountLogIn" time="8.75"/>
</testsuite> <!-- Test -->
